<?xml version="1.0" encoding="UTF-8"?>
<!-- Generated by org.testng.reporters.JUnitReportReporter -->
<testsuite hostname="DESKTOP-1RBOB16" failures="0" tests="1" name="Tests.TC02_LandingTestCases" time="19.983" errors="0" timestamp="2025-01-01T23:06:02 EET" skipped="0">
  <testcase classname="Tests.TC02_LandingTestCases" name="checkingOnSelecedNumberOfProducts" time="19.983"/>
</testsuite> <!-- Tests.TC02_LandingTestCases -->
